#
# There is insufficient memory for the Java Runtime Environment to continue.
# Native memory allocation (malloc) failed to allocate 1238176 bytes for Chunk::new
# Possible reasons:
#   The system is out of physical RAM or swap space
#   The process is running with CompressedOops enabled, and the Java Heap may be blocking the growth of the native heap
# Possible solutions:
#   Reduce memory load on the system
#   Increase physical memory or swap space
#   Check if swap backing store is full
#   Decrease Java heap size (-Xmx/-Xms)
#   Decrease number of Java threads
#   Decrease Java thread stack sizes (-Xss)
#   Set larger code cache with -XX:ReservedCodeCacheSize=
#   JVM is running with Unscaled Compressed Oops mode in which the Java heap is
#     placed in the first 4GB address space. The Java Heap base address is the
#     maximum limit for the native heap growth. Please use -XX:HeapBaseMinAddress
#     to set the Java Heap base and to place the Java Heap above 4GB virtual address.
# This output file may be truncated or incomplete.
#
#  Out of Memory Error (arena.cpp:195), pid=10532, tid=13452
#
# JRE version: OpenJDK Runtime Environment (16.0+36) (build 16+36-2231)
# Java VM: OpenJDK 64-Bit Server VM (16+36-2231, mixed mode, sharing, tiered, compressed oops, g1 gc, windows-amd64)
# No core dump will be written. Minidumps are not enabled by default on client versions of Windows
#

---------------  S U M M A R Y ------------

Command Line: -javaagent:D:\Spring\IntelliJ IDEA Community Edition 2020.3.3\lib\idea_rt.jar=59914:D:\Spring\IntelliJ IDEA Community Edition 2020.3.3\bin -Dfile.encoding=UTF-8 com.example.Task_Develop.TaskDevelopApplication

Host: Intel(R) Core(TM) i3-3120M CPU @ 2.50GHz, 4 cores, 5G,  Windows 10 , 64 bit Build 17763 (10.0.17763.1879)
Time: Mon May 24 17:11:10 2021 Новосибирское стандартное время elapsed time: 3.397235 seconds (0d 0h 0m 3s)

---------------  T H R E A D  ---------------

Current thread (0x000002217fcf0960):  JavaThread "C2 CompilerThread0" daemon [_thread_in_native, id=13452, stack(0x0000006b4cd00000,0x0000006b4ce00000)]


Current CompileTask:
C2:   3397 1851       4       jdk.internal.org.objectweb.asm.Frame::execute (2305 bytes)

Stack: [0x0000006b4cd00000,0x0000006b4ce00000]
Native frames: (J=compiled Java code, j=interpreted, Vv=VM code, C=native code)
V  [jvm.dll+0x6681da]
V  [jvm.dll+0x7c9d99]
V  [jvm.dll+0x7cb4d3]
V  [jvm.dll+0x7cbb33]
V  [jvm.dll+0x242ee5]
V  [jvm.dll+0xadeca]
V  [jvm.dll+0xae5ac]
V  [jvm.dll+0x35a947]
V  [jvm.dll+0x1b9f21]
V  [jvm.dll+0x216056]
V  [jvm.dll+0x215340]
V  [jvm.dll+0x1a1d8b]
V  [jvm.dll+0x225398]
V  [jvm.dll+0x2233dc]
V  [jvm.dll+0x77f9e2]
V  [jvm.dll+0x77952a]
V  [jvm.dll+0x667076]
C  [ucrtbase.dll+0x2268a]
C  [KERNEL32.DLL+0x17974]
C  [ntdll.dll+0x5a2f1]


---------------  P R O C E S S  ---------------

Threads class SMR info:
_java_thread_list=0x000002211b88c400, length=16, elements={
0x00000221760fc640, 0x000002217fcd8610, 0x000002217fcdb3f0, 0x000002217fcebf30,
0x000002217fcec940, 0x000002217fcef360, 0x000002217fcefc70, 0x000002217fcf0960,
0x000002217fd5ce70, 0x000002217fd5e3e0, 0x000002211315a2c0, 0x00000221133330a0,
0x00000221133335c0, 0x0000022113aefe60, 0x000002211b625be0, 0x0000022113b67ea0
}

Java Threads: ( => current thread )
  0x00000221760fc640 JavaThread "main" [_thread_blocked, id=3560, stack(0x0000006b4c000000,0x0000006b4c100000)]
  0x000002217fcd8610 JavaThread "Reference Handler" daemon [_thread_blocked, id=7804, stack(0x0000006b4c700000,0x0000006b4c800000)]
  0x000002217fcdb3f0 JavaThread "Finalizer" daemon [_thread_blocked, id=1628, stack(0x0000006b4c800000,0x0000006b4c900000)]
  0x000002217fcebf30 JavaThread "Signal Dispatcher" daemon [_thread_blocked, id=5480, stack(0x0000006b4c900000,0x0000006b4ca00000)]
  0x000002217fcec940 JavaThread "Attach Listener" daemon [_thread_blocked, id=10260, stack(0x0000006b4ca00000,0x0000006b4cb00000)]
  0x000002217fcef360 JavaThread "Service Thread" daemon [_thread_blocked, id=12564, stack(0x0000006b4cb00000,0x0000006b4cc00000)]
  0x000002217fcefc70 JavaThread "Monitor Deflation Thread" daemon [_thread_blocked, id=9364, stack(0x0000006b4cc00000,0x0000006b4cd00000)]
=>0x000002217fcf0960 JavaThread "C2 CompilerThread0" daemon [_thread_in_native, id=13452, stack(0x0000006b4cd00000,0x0000006b4ce00000)]
  0x000002217fd5ce70 JavaThread "C1 CompilerThread0" daemon [_thread_blocked, id=2036, stack(0x0000006b4ce00000,0x0000006b4cf00000)]
  0x000002217fd5e3e0 JavaThread "Sweeper thread" daemon [_thread_blocked, id=8160, stack(0x0000006b4cf00000,0x0000006b4d000000)]
  0x000002211315a2c0 JavaThread "Common-Cleaner" daemon [_thread_blocked, id=14056, stack(0x0000006b4d000000,0x0000006b4d100000)]
  0x00000221133330a0 JavaThread "Monitor Ctrl-Break" daemon [_thread_in_native, id=12316, stack(0x0000006b4d100000,0x0000006b4d200000)]
  0x00000221133335c0 JavaThread "Notification Thread" daemon [_thread_blocked, id=11512, stack(0x0000006b4d200000,0x0000006b4d300000)]
  0x0000022113aefe60 JavaThread "C2 CompilerThread1" daemon [_thread_blocked, id=10676, stack(0x0000006b4d800000,0x0000006b4d900000)]
  0x000002211b625be0 JavaThread "Thread-0" [_thread_blocked, id=11404, stack(0x0000006b4d900000,0x0000006b4da00000)]
  0x0000022113b67ea0 JavaThread "restartedMain" [_thread_in_vm, id=12096, stack(0x0000006b4da00000,0x0000006b4db00000)]

Other Threads:
  0x000002217fccc630 VMThread "VM Thread" [stack: 0x0000006b4c600000,0x0000006b4c700000] [id=13612]
  0x00000221760fd640 WatcherThread [stack: 0x0000006b4d300000,0x0000006b4d400000] [id=10024]
  0x0000022176131fa0 GCTaskThread "GC Thread#0" [stack: 0x0000006b4c100000,0x0000006b4c200000] [id=13624]
  0x00000221136f7920 GCTaskThread "GC Thread#1" [stack: 0x0000006b4d400000,0x0000006b4d500000] [id=6956]
  0x0000022113760b90 GCTaskThread "GC Thread#2" [stack: 0x0000006b4d500000,0x0000006b4d600000] [id=6596]
  0x000002211389ec50 GCTaskThread "GC Thread#3" [stack: 0x0000006b4d600000,0x0000006b4d700000] [id=6540]
  0x000002217613f940 ConcurrentGCThread "G1 Main Marker" [stack: 0x0000006b4c200000,0x0000006b4c300000] [id=13848]
  0x00000221761416d0 ConcurrentGCThread "G1 Conc#0" [stack: 0x0000006b4c300000,0x0000006b4c400000] [id=11712]
  0x00000221761a0e90 ConcurrentGCThread "G1 Refine#0" [stack: 0x0000006b4c400000,0x0000006b4c500000] [id=12220]
  0x000002211389ef60 ConcurrentGCThread "G1 Refine#1" [stack: 0x0000006b4d700000,0x0000006b4d800000] [id=11840]
  0x00000221761a1820 ConcurrentGCThread "G1 Service" [stack: 0x0000006b4c500000,0x0000006b4c600000] [id=2256]

Threads with active compile tasks:
C2 CompilerThread0     3855 1851       4       jdk.internal.org.objectweb.asm.Frame::execute (2305 bytes)

VM state: not at safepoint (normal execution)

VM Mutex/Monitor currently owned by a thread:  ([mutex/lock_event])
[0x00000221760f6980] MetaspaceExpand_lock - owner thread: 0x0000022113b67ea0

Heap address: 0x00000000a2e00000, size: 1490 MB, Compressed Oops mode: 32-bit
CDS archive(s) mapped at: [0x0000000800000000-0x0000000800bb0000-0x0000000800bb0000), size 12255232, SharedBaseAddress: 0x0000000800000000, ArchiveRelocationMode: 0.
Compressed class space mapped at: 0x0000000800c00000-0x0000000840c00000, reserved size: 1073741824
Narrow klass base: 0x0000000800000000, Narrow klass shift: 3, Narrow klass range: 0x100000000

GC Precious Log:
 CPUs: 4 total, 4 available
 Memory: 5959M
 Large Page Support: Disabled
 NUMA Support: Disabled
 Compressed Oops: Enabled (32-bit)
 Heap Region Size: 1M
 Heap Min Capacity: 8M
 Heap Initial Capacity: 94M
 Heap Max Capacity: 1490M
 Pre-touch: Disabled
 Parallel Workers: 4
 Concurrent Workers: 1
 Concurrent Refinement Workers: 4
 Periodic GC: Disabled

Heap:
 garbage-first heap   total 96256K, used 17478K [0x00000000a2e00000, 0x0000000100000000)
  region size 1024K, 11 young (11264K), 3 survivors (3072K)
 Metaspace       used 15542K, committed 15744K, reserved 1064960K
  class space    used 1871K, committed 1984K, reserved 1048576K

Heap Regions: E=young(eden), S=young(survivor), O=old, HS=humongous(starts), HC=humongous(continues), CS=collection set, F=free, OA=open archive, CA=closed archive, TAMS=top-at-mark-start (previous, next)
|   0|0x00000000a2e00000, 0x00000000a2f00000, 0x00000000a2f00000|100%|HS|  |TAMS 0x00000000a2e00000, 0x00000000a2e00000| Complete 
|   1|0x00000000a2f00000, 0x00000000a3000000, 0x00000000a3000000|100%| O|  |TAMS 0x00000000a2f00000, 0x00000000a2f00000| Untracked 
|   2|0x00000000a3000000, 0x00000000a3100000, 0x00000000a3100000|100%| O|  |TAMS 0x00000000a3000000, 0x00000000a3000000| Untracked 
|   3|0x00000000a3100000, 0x00000000a3200000, 0x00000000a3200000|100%| O|  |TAMS 0x00000000a3100000, 0x00000000a3100000| Untracked 
|   4|0x00000000a3200000, 0x00000000a3300000, 0x00000000a3300000|100%| O|  |TAMS 0x00000000a3200000, 0x00000000a3200000| Untracked 
|   5|0x00000000a3300000, 0x00000000a3400000, 0x00000000a3400000|100%| O|  |TAMS 0x00000000a3300000, 0x00000000a3300000| Untracked 
|   6|0x00000000a3400000, 0x00000000a3500000, 0x00000000a3500000|100%| O|  |TAMS 0x00000000a3400000, 0x00000000a3400000| Untracked 
|   7|0x00000000a3500000, 0x00000000a3524400, 0x00000000a3600000| 14%| O|  |TAMS 0x00000000a3500000, 0x00000000a3500000| Untracked 
|   8|0x00000000a3600000, 0x00000000a3600000, 0x00000000a3700000|  0%| F|  |TAMS 0x00000000a3600000, 0x00000000a3600000| Untracked 
|   9|0x00000000a3700000, 0x00000000a3700000, 0x00000000a3800000|  0%| F|  |TAMS 0x00000000a3700000, 0x00000000a3700000| Untracked 
|  10|0x00000000a3800000, 0x00000000a3800000, 0x00000000a3900000|  0%| F|  |TAMS 0x00000000a3800000, 0x00000000a3800000| Untracked 
|  11|0x00000000a3900000, 0x00000000a3900000, 0x00000000a3a00000|  0%| F|  |TAMS 0x00000000a3900000, 0x00000000a3900000| Untracked 
|  12|0x00000000a3a00000, 0x00000000a3a00000, 0x00000000a3b00000|  0%| F|  |TAMS 0x00000000a3a00000, 0x00000000a3a00000| Untracked 
|  13|0x00000000a3b00000, 0x00000000a3b00000, 0x00000000a3c00000|  0%| F|  |TAMS 0x00000000a3b00000, 0x00000000a3b00000| Untracked 
|  14|0x00000000a3c00000, 0x00000000a3c00000, 0x00000000a3d00000|  0%| F|  |TAMS 0x00000000a3c00000, 0x00000000a3c00000| Untracked 
|  15|0x00000000a3d00000, 0x00000000a3d00000, 0x00000000a3e00000|  0%| F|  |TAMS 0x00000000a3d00000, 0x00000000a3d00000| Untracked 
|  16|0x00000000a3e00000, 0x00000000a3e00000, 0x00000000a3f00000|  0%| F|  |TAMS 0x00000000a3e00000, 0x00000000a3e00000| Untracked 
|  17|0x00000000a3f00000, 0x00000000a3f00000, 0x00000000a4000000|  0%| F|  |TAMS 0x00000000a3f00000, 0x00000000a3f00000| Untracked 
|  18|0x00000000a4000000, 0x00000000a4000000, 0x00000000a4100000|  0%| F|  |TAMS 0x00000000a4000000, 0x00000000a4000000| Untracked 
|  19|0x00000000a4100000, 0x00000000a4100000, 0x00000000a4200000|  0%| F|  |TAMS 0x00000000a4100000, 0x00000000a4100000| Untracked 
|  20|0x00000000a4200000, 0x00000000a4200000, 0x00000000a4300000|  0%| F|  |TAMS 0x00000000a4200000, 0x00000000a4200000| Untracked 
|  21|0x00000000a4300000, 0x00000000a4300000, 0x00000000a4400000|  0%| F|  |TAMS 0x00000000a4300000, 0x00000000a4300000| Untracked 
|  22|0x00000000a4400000, 0x00000000a4400000, 0x00000000a4500000|  0%| F|  |TAMS 0x00000000a4400000, 0x00000000a4400000| Untracked 
|  23|0x00000000a4500000, 0x00000000a4500000, 0x00000000a4600000|  0%| F|  |TAMS 0x00000000a4500000, 0x00000000a4500000| Untracked 
|  24|0x00000000a4600000, 0x00000000a4600000, 0x00000000a4700000|  0%| F|  |TAMS 0x00000000a4600000, 0x00000000a4600000| Untracked 
|  25|0x00000000a4700000, 0x00000000a4700000, 0x00000000a4800000|  0%| F|  |TAMS 0x00000000a4700000, 0x00000000a4700000| Untracked 
|  26|0x00000000a4800000, 0x00000000a4800000, 0x00000000a4900000|  0%| F|  |TAMS 0x00000000a4800000, 0x00000000a4800000| Untracked 
|  27|0x00000000a4900000, 0x00000000a4900000, 0x00000000a4a00000|  0%| F|  |TAMS 0x00000000a4900000, 0x00000000a4900000| Untracked 
|  28|0x00000000a4a00000, 0x00000000a4a00000, 0x00000000a4b00000|  0%| F|  |TAMS 0x00000000a4a00000, 0x00000000a4a00000| Untracked 
|  29|0x00000000a4b00000, 0x00000000a4b00000, 0x00000000a4c00000|  0%| F|  |TAMS 0x00000000a4b00000, 0x00000000a4b00000| Untracked 
|  30|0x00000000a4c00000, 0x00000000a4c00000, 0x00000000a4d00000|  0%| F|  |TAMS 0x00000000a4c00000, 0x00000000a4c00000| Untracked 
|  31|0x00000000a4d00000, 0x00000000a4d00000, 0x00000000a4e00000|  0%| F|  |TAMS 0x00000000a4d00000, 0x00000000a4d00000| Untracked 
|  32|0x00000000a4e00000, 0x00000000a4e00000, 0x00000000a4f00000|  0%| F|  |TAMS 0x00000000a4e00000, 0x00000000a4e00000| Untracked 
|  33|0x00000000a4f00000, 0x00000000a4f00000, 0x00000000a5000000|  0%| F|  |TAMS 0x00000000a4f00000, 0x00000000a4f00000| Untracked 
|  34|0x00000000a5000000, 0x00000000a5000000, 0x00000000a5100000|  0%| F|  |TAMS 0x00000000a5000000, 0x00000000a5000000| Untracked 
|  35|0x00000000a5100000, 0x00000000a51ed670, 0x00000000a5200000| 92%| S|CS|TAMS 0x00000000a5100000, 0x00000000a5100000| Complete 
|  36|0x00000000a5200000, 0x00000000a5300000, 0x00000000a5300000|100%| S|CS|TAMS 0x00000000a5200000, 0x00000000a5200000| Complete 
|  37|0x00000000a5300000, 0x00000000a5400000, 0x00000000a5400000|100%| S|CS|TAMS 0x00000000a5300000, 0x00000000a5300000| Complete 
|  38|0x00000000a5400000, 0x00000000a5400000, 0x00000000a5500000|  0%| F|  |TAMS 0x00000000a5400000, 0x00000000a5400000| Untracked 
|  39|0x00000000a5500000, 0x00000000a5500000, 0x00000000a5600000|  0%| F|  |TAMS 0x00000000a5500000, 0x00000000a5500000| Untracked 
|  40|0x00000000a5600000, 0x00000000a5600000, 0x00000000a5700000|  0%| F|  |TAMS 0x00000000a5600000, 0x00000000a5600000| Untracked 
|  41|0x00000000a5700000, 0x00000000a5700000, 0x00000000a5800000|  0%| F|  |TAMS 0x00000000a5700000, 0x00000000a5700000| Untracked 
|  42|0x00000000a5800000, 0x00000000a5800000, 0x00000000a5900000|  0%| F|  |TAMS 0x00000000a5800000, 0x00000000a5800000| Untracked 
|  43|0x00000000a5900000, 0x00000000a5900000, 0x00000000a5a00000|  0%| F|  |TAMS 0x00000000a5900000, 0x00000000a5900000| Untracked 
|  44|0x00000000a5a00000, 0x00000000a5a00000, 0x00000000a5b00000|  0%| F|  |TAMS 0x00000000a5a00000, 0x00000000a5a00000| Untracked 
|  45|0x00000000a5b00000, 0x00000000a5b00000, 0x00000000a5c00000|  0%| F|  |TAMS 0x00000000a5b00000, 0x00000000a5b00000| Untracked 
|  46|0x00000000a5c00000, 0x00000000a5c00000, 0x00000000a5d00000|  0%| F|  |TAMS 0x00000000a5c00000, 0x00000000a5c00000| Untracked 
|  47|0x00000000a5d00000, 0x00000000a5d00000, 0x00000000a5e00000|  0%| F|  |TAMS 0x00000000a5d00000, 0x00000000a5d00000| Untracked 
|  48|0x00000000a5e00000, 0x00000000a5e00000, 0x00000000a5f00000|  0%| F|  |TAMS 0x00000000a5e00000, 0x00000000a5e00000| Untracked 
|  49|0x00000000a5f00000, 0x00000000a5f00000, 0x00000000a6000000|  0%| F|  |TAMS 0x00000000a5f00000, 0x00000000a5f00000| Untracked 
|  50|0x00000000a6000000, 0x00000000a6000000, 0x00000000a6100000|  0%| F|  |TAMS 0x00000000a6000000, 0x00000000a6000000| Untracked 
|  51|0x00000000a6100000, 0x00000000a6100000, 0x00000000a6200000|  0%| F|  |TAMS 0x00000000a6100000, 0x00000000a6100000| Untracked 
|  52|0x00000000a6200000, 0x00000000a6200000, 0x00000000a6300000|  0%| F|  |TAMS 0x00000000a6200000, 0x00000000a6200000| Untracked 
|  53|0x00000000a6300000, 0x00000000a6300000, 0x00000000a6400000|  0%| F|  |TAMS 0x00000000a6300000, 0x00000000a6300000| Untracked 
|  54|0x00000000a6400000, 0x00000000a6400000, 0x00000000a6500000|  0%| F|  |TAMS 0x00000000a6400000, 0x00000000a6400000| Untracked 
|  55|0x00000000a6500000, 0x00000000a6500000, 0x00000000a6600000|  0%| F|  |TAMS 0x00000000a6500000, 0x00000000a6500000| Untracked 
|  56|0x00000000a6600000, 0x00000000a6600000, 0x00000000a6700000|  0%| F|  |TAMS 0x00000000a6600000, 0x00000000a6600000| Untracked 
|  57|0x00000000a6700000, 0x00000000a6700000, 0x00000000a6800000|  0%| F|  |TAMS 0x00000000a6700000, 0x00000000a6700000| Untracked 
|  58|0x00000000a6800000, 0x00000000a6800000, 0x00000000a6900000|  0%| F|  |TAMS 0x00000000a6800000, 0x00000000a6800000| Untracked 
|  59|0x00000000a6900000, 0x00000000a6900000, 0x00000000a6a00000|  0%| F|  |TAMS 0x00000000a6900000, 0x00000000a6900000| Untracked 
|  60|0x00000000a6a00000, 0x00000000a6a00000, 0x00000000a6b00000|  0%| F|  |TAMS 0x00000000a6a00000, 0x00000000a6a00000| Untracked 
|  61|0x00000000a6b00000, 0x00000000a6b00000, 0x00000000a6c00000|  0%| F|  |TAMS 0x00000000a6b00000, 0x00000000a6b00000| Untracked 
|  62|0x00000000a6c00000, 0x00000000a6c00000, 0x00000000a6d00000|  0%| F|  |TAMS 0x00000000a6c00000, 0x00000000a6c00000| Untracked 
|  63|0x00000000a6d00000, 0x00000000a6d00000, 0x00000000a6e00000|  0%| F|  |TAMS 0x00000000a6d00000, 0x00000000a6d00000| Untracked 
|  64|0x00000000a6e00000, 0x00000000a6e00000, 0x00000000a6f00000|  0%| F|  |TAMS 0x00000000a6e00000, 0x00000000a6e00000| Untracked 
|  65|0x00000000a6f00000, 0x00000000a6f00000, 0x00000000a7000000|  0%| F|  |TAMS 0x00000000a6f00000, 0x00000000a6f00000| Untracked 
|  66|0x00000000a7000000, 0x00000000a7000000, 0x00000000a7100000|  0%| F|  |TAMS 0x00000000a7000000, 0x00000000a7000000| Untracked 
|  67|0x00000000a7100000, 0x00000000a7100000, 0x00000000a7200000|  0%| F|  |TAMS 0x00000000a7100000, 0x00000000a7100000| Untracked 
|  68|0x00000000a7200000, 0x00000000a7200000, 0x00000000a7300000|  0%| F|  |TAMS 0x00000000a7200000, 0x00000000a7200000| Untracked 
|  69|0x00000000a7300000, 0x00000000a7300000, 0x00000000a7400000|  0%| F|  |TAMS 0x00000000a7300000, 0x00000000a7300000| Untracked 
|  70|0x00000000a7400000, 0x00000000a7400000, 0x00000000a7500000|  0%| F|  |TAMS 0x00000000a7400000, 0x00000000a7400000| Untracked 
|  71|0x00000000a7500000, 0x00000000a7500000, 0x00000000a7600000|  0%| F|  |TAMS 0x00000000a7500000, 0x00000000a7500000| Untracked 
|  72|0x00000000a7600000, 0x00000000a7600000, 0x00000000a7700000|  0%| F|  |TAMS 0x00000000a7600000, 0x00000000a7600000| Untracked 
|  73|0x00000000a7700000, 0x00000000a7700000, 0x00000000a7800000|  0%| F|  |TAMS 0x00000000a7700000, 0x00000000a7700000| Untracked 
|  74|0x00000000a7800000, 0x00000000a7800000, 0x00000000a7900000|  0%| F|  |TAMS 0x00000000a7800000, 0x00000000a7800000| Untracked 
|  75|0x00000000a7900000, 0x00000000a7900000, 0x00000000a7a00000|  0%| F|  |TAMS 0x00000000a7900000, 0x00000000a7900000| Untracked 
|  76|0x00000000a7a00000, 0x00000000a7a00000, 0x00000000a7b00000|  0%| F|  |TAMS 0x00000000a7a00000, 0x00000000a7a00000| Untracked 
|  77|0x00000000a7b00000, 0x00000000a7b00000, 0x00000000a7c00000|  0%| F|  |TAMS 0x00000000a7b00000, 0x00000000a7b00000| Untracked 
|  78|0x00000000a7c00000, 0x00000000a7c00000, 0x00000000a7d00000|  0%| F|  |TAMS 0x00000000a7c00000, 0x00000000a7c00000| Untracked 
|  79|0x00000000a7d00000, 0x00000000a7d00000, 0x00000000a7e00000|  0%| F|  |TAMS 0x00000000a7d00000, 0x00000000a7d00000| Untracked 
|  80|0x00000000a7e00000, 0x00000000a7e00000, 0x00000000a7f00000|  0%| F|  |TAMS 0x00000000a7e00000, 0x00000000a7e00000| Untracked 
|  81|0x00000000a7f00000, 0x00000000a7f00000, 0x00000000a8000000|  0%| F|  |TAMS 0x00000000a7f00000, 0x00000000a7f00000| Untracked 
|  82|0x00000000a8000000, 0x00000000a8000000, 0x00000000a8100000|  0%| F|  |TAMS 0x00000000a8000000, 0x00000000a8000000| Untracked 
|  83|0x00000000a8100000, 0x00000000a8100000, 0x00000000a8200000|  0%| F|  |TAMS 0x00000000a8100000, 0x00000000a8100000| Untracked 
|  84|0x00000000a8200000, 0x00000000a8200000, 0x00000000a8300000|  0%| F|  |TAMS 0x00000000a8200000, 0x00000000a8200000| Untracked 
|  85|0x00000000a8300000, 0x00000000a8300000, 0x00000000a8400000|  0%| F|  |TAMS 0x00000000a8300000, 0x00000000a8300000| Untracked 
|  86|0x00000000a8400000, 0x00000000a84f37e0, 0x00000000a8500000| 95%| E|  |TAMS 0x00000000a8400000, 0x00000000a8400000| Complete 
|  87|0x00000000a8500000, 0x00000000a8600000, 0x00000000a8600000|100%| E|CS|TAMS 0x00000000a8500000, 0x00000000a8500000| Complete 
|  88|0x00000000a8600000, 0x00000000a8700000, 0x00000000a8700000|100%| E|CS|TAMS 0x00000000a8600000, 0x00000000a8600000| Complete 
|  89|0x00000000a8700000, 0x00000000a8800000, 0x00000000a8800000|100%| E|CS|TAMS 0x00000000a8700000, 0x00000000a8700000| Complete 
|  90|0x00000000a8800000, 0x00000000a8900000, 0x00000000a8900000|100%| E|CS|TAMS 0x00000000a8800000, 0x00000000a8800000| Complete 
|  91|0x00000000a8900000, 0x00000000a8a00000, 0x00000000a8a00000|100%| E|CS|TAMS 0x00000000a8900000, 0x00000000a8900000| Complete 
|  92|0x00000000a8a00000, 0x00000000a8b00000, 0x00000000a8b00000|100%| E|CS|TAMS 0x00000000a8a00000, 0x00000000a8a00000| Complete 
|  93|0x00000000a8b00000, 0x00000000a8c00000, 0x00000000a8c00000|100%| E|CS|TAMS 0x00000000a8b00000, 0x00000000a8b00000| Complete 

Card table byte_map: [0x000002217db40000,0x000002217de30000] _byte_map_base: 0x000002217d629000

Marking Bits (Prev, Next): (CMBitMap*) 0x0000022176133530, (CMBitMap*) 0x0000022176133570
 Prev Bits: [0x000002217e120000, 0x000002217f868000)
 Next Bits: [0x000002210f000000, 0x0000022110748000)

Polling page: 0x0000022173e90000

Metaspace:

Usage:
  Non-class:     13.35 MB used.
      Class:      1.83 MB used.
       Both:     15.18 MB used.

Virtual space:
  Non-class space:       16.00 MB reserved,      13.44 MB ( 84%) committed,  2 nodes.
      Class space:        1.00 GB reserved,       1.94 MB ( <1%) committed,  1 nodes.
              Both:        1.02 GB reserved,      15.38 MB (  1%) committed. 

Chunk freelists:
   Non-Class:  1.80 MB
       Class:  2.06 MB
        Both:  3.86 MB

MaxMetaspaceSize: 17179869184.00 GB
CompressedClassSpaceSize: 1.00 GB
 - commit_granule_bytes: 65536.
 - commit_granule_words: 8192.
 - virtual_space_node_default_size: 1048576.
 - enlarge_chunks_in_place: 1.
 - new_chunks_are_fully_committed: 0.
 - uncommit_free_chunks: 1.
 - use_allocation_guard: 0.
 - handle_deallocations: 1.


Internal statistics:

num_allocs_failed_limit: 0.
num_arena_births: 198.
num_arena_deaths: 0.
num_vsnodes_births: 3.
num_vsnodes_deaths: 0.
num_space_committed: 246.
num_space_uncommitted: 0.
num_chunks_returned_to_freelist: 0.
num_chunks_taken_from_freelist: 665.
num_chunk_merges: 0.
num_chunk_splits: 461.
num_chunks_enlarged: 373.
num_purges: 0.

CodeHeap 'non-profiled nmethods': size=120000Kb used=808Kb max_used=808Kb free=119191Kb
 bounds [0x0000022107ad0000, 0x0000022107d40000, 0x000002210f000000]
CodeHeap 'profiled nmethods': size=120000Kb used=3923Kb max_used=3923Kb free=116076Kb
 bounds [0x00000221005a0000, 0x0000022100980000, 0x0000022107ad0000]
CodeHeap 'non-nmethods': size=5760Kb used=1203Kb max_used=1231Kb free=4556Kb
 bounds [0x0000022100000000, 0x0000022100270000, 0x00000221005a0000]
 total_blobs=2554 nmethods=2058 adapters=408
 compilation: enabled
              stopped_count=0, restarted_count=0
 full_count=0

Compilation events (20 events):
Event: 3.353 Thread 0x000002217fd5ce70 2043       1       java.lang.reflect.Constructor::getSharedParameterTypes (5 bytes)
Event: 3.353 Thread 0x000002217fd5ce70 nmethod 2043 0x0000022107b90e90 code [0x0000022107b91020, 0x0000022107b910f8]
Event: 3.356 Thread 0x000002217fd5ce70 2044       3       org.springframework.core.annotation.TypeMappedAnnotations::access$100 (7 bytes)
Event: 3.356 Thread 0x000002217fd5ce70 nmethod 2044 0x0000022100969510 code [0x00000221009696c0, 0x00000221009697c8]
Event: 3.356 Thread 0x000002217fd5ce70 2045       3       org.springframework.core.annotation.TypeMappedAnnotations::isMappingForType (41 bytes)
Event: 3.357 Thread 0x000002217fd5ce70 nmethod 2045 0x0000022100969890 code [0x0000022100969a80, 0x0000022100969ea8]
Event: 3.362 Thread 0x000002217fd5ce70 2046       3       java.util.ArrayDeque::peek (5 bytes)
Event: 3.362 Thread 0x000002217fd5ce70 nmethod 2046 0x000002210096a090 code [0x000002210096a240, 0x000002210096a4b8]
Event: 3.363 Thread 0x000002217fd5ce70 2047       1       org.springframework.core.annotation.AnnotationTypeMapping::getMirrorSets (5 bytes)
Event: 3.363 Thread 0x000002217fd5ce70 nmethod 2047 0x0000022107b91190 code [0x0000022107b91320, 0x0000022107b913f8]
Event: 3.364 Thread 0x000002217fd5ce70 2048       3       org.springframework.boot.context.properties.source.SpringIterableConfigurationPropertySource$$Lambda$122/0x0000000800caaaa8::get (8 bytes)
Event: 3.364 Thread 0x000002217fd5ce70 nmethod 2048 0x000002210096a610 code [0x000002210096a7c0, 0x000002210096a9a8]
Event: 3.364 Thread 0x000002217fd5ce70 2049       3       org.springframework.boot.context.properties.source.SpringIterableConfigurationPropertySource$Mappings::updateMappings (261 bytes)
Event: 3.367 Thread 0x000002217fd5ce70 nmethod 2049 0x000002210096aa90 code [0x000002210096aec0, 0x000002210096cfc8]
Event: 3.367 Thread 0x000002217fd5ce70 2052       3       java.util.concurrent.ConcurrentHashMap::addCount (280 bytes)
Event: 3.369 Thread 0x000002217fd5ce70 nmethod 2052 0x000002210096db90 code [0x000002210096dde0, 0x000002210096e798]
Event: 3.369 Thread 0x000002217fd5ce70 2051       3       java.util.AbstractCollection::isEmpty (13 bytes)
Event: 3.369 Thread 0x000002217fd5ce70 nmethod 2051 0x000002210096ea90 code [0x000002210096ec40, 0x000002210096ee68]
Event: 3.369 Thread 0x000002217fd5ce70 2050       3       java.util.LinkedHashMap::<init> (10 bytes)
Event: 3.369 Thread 0x000002217fd5ce70 nmethod 2050 0x000002210096ef10 code [0x000002210096f0c0, 0x000002210096f2f8]

GC Heap History (8 events):
Event: 0.866 GC heap before
{Heap before GC invocations=0 (full 0):
 garbage-first heap   total 96256K, used 13312K [0x00000000a2e00000, 0x0000000100000000)
  region size 1024K, 13 young (13312K), 0 survivors (0K)
 Metaspace       used 2621K, committed 2816K, reserved 1056768K
  class space    used 231K, committed 320K, reserved 1048576K
}
Event: 0.879 GC heap after
{Heap after GC invocations=1 (full 0):
 garbage-first heap   total 96256K, used 7072K [0x00000000a2e00000, 0x0000000100000000)
  region size 1024K, 2 young (2048K), 2 survivors (2048K)
 Metaspace       used 2621K, committed 2816K, reserved 1056768K
  class space    used 231K, committed 320K, reserved 1048576K
}
Event: 1.348 GC heap before
{Heap before GC invocations=1 (full 0):
 garbage-first heap   total 96256K, used 14240K [0x00000000a2e00000, 0x0000000100000000)
  region size 1024K, 9 young (9216K), 2 survivors (2048K)
 Metaspace       used 4884K, committed 5120K, reserved 1056768K
  class space    used 503K, committed 640K, reserved 1048576K
}
Event: 1.355 GC heap after
{Heap after GC invocations=2 (full 0):
 garbage-first heap   total 96256K, used 8074K [0x00000000a2e00000, 0x0000000100000000)
  region size 1024K, 1 young (1024K), 1 survivors (1024K)
 Metaspace       used 4884K, committed 5120K, reserved 1056768K
  class space    used 503K, committed 640K, reserved 1048576K
}
Event: 1.453 GC heap before
{Heap before GC invocations=2 (full 0):
 garbage-first heap   total 96256K, used 31626K [0x00000000a2e00000, 0x0000000100000000)
  region size 1024K, 25 young (25600K), 1 survivors (1024K)
 Metaspace       used 4912K, committed 5120K, reserved 1056768K
  class space    used 504K, committed 640K, reserved 1048576K
}
Event: 1.456 GC heap after
{Heap after GC invocations=3 (full 0):
 garbage-first heap   total 96256K, used 8307K [0x00000000a2e00000, 0x0000000100000000)
  region size 1024K, 1 young (1024K), 1 survivors (1024K)
 Metaspace       used 4912K, committed 5120K, reserved 1056768K
  class space    used 504K, committed 640K, reserved 1048576K
}
Event: 3.161 GC heap before
{Heap before GC invocations=3 (full 0):
 garbage-first heap   total 96256K, used 63603K [0x00000000a2e00000, 0x0000000100000000)
  region size 1024K, 56 young (57344K), 1 survivors (1024K)
 Metaspace       used 13916K, committed 14080K, reserved 1064960K
  class space    used 1651K, committed 1728K, reserved 1048576K
}
Event: 3.169 GC heap after
{Heap after GC invocations=4 (full 0):
 garbage-first heap   total 96256K, used 10310K [0x00000000a2e00000, 0x0000000100000000)
  region size 1024K, 3 young (3072K), 3 survivors (3072K)
 Metaspace       used 13916K, committed 14080K, reserved 1064960K
  class space    used 1651K, committed 1728K, reserved 1048576K
}

Deoptimization events (20 events):
Event: 3.311 Thread 0x0000022113b67ea0 Uncommon trap: trap_request=0xffffff45 fr.pc=0x0000022107b4be98 relative=0x0000000000000158
Event: 3.311 Thread 0x0000022113b67ea0 Uncommon trap: reason=unstable_if action=reinterpret pc=0x0000022107b4be98 method=java.util.concurrent.ConcurrentHashMap.addCount(JI)V @ 7 c2
Event: 3.311 Thread 0x0000022113b67ea0 DEOPT PACKING pc=0x0000022107b4be98 sp=0x0000006b4dafd430
Event: 3.311 Thread 0x0000022113b67ea0 DEOPT UNPACKING pc=0x000002210004d72e sp=0x0000006b4dafd390 mode 2
Event: 3.320 Thread 0x0000022113b67ea0 Uncommon trap: trap_request=0xffffff45 fr.pc=0x0000022107b0ae0c relative=0x00000000000006ac
Event: 3.320 Thread 0x0000022113b67ea0 Uncommon trap: reason=unstable_if action=reinterpret pc=0x0000022107b0ae0c method=java.util.zip.ZipCoder.normalizedHash(Ljava/lang/String;)I @ 23 c2
Event: 3.320 Thread 0x0000022113b67ea0 DEOPT PACKING pc=0x0000022107b0ae0c sp=0x0000006b4dafd680
Event: 3.320 Thread 0x0000022113b67ea0 DEOPT UNPACKING pc=0x000002210004d72e sp=0x0000006b4dafd588 mode 2
Event: 3.323 Thread 0x0000022113b67ea0 Uncommon trap: trap_request=0xffffff45 fr.pc=0x0000022107b00ee0 relative=0x0000000000000440
Event: 3.323 Thread 0x0000022113b67ea0 Uncommon trap: reason=unstable_if action=reinterpret pc=0x0000022107b00ee0 method=java.util.StringTokenizer.scanToken(I)I @ 42 c2
Event: 3.323 Thread 0x0000022113b67ea0 DEOPT PACKING pc=0x0000022107b00ee0 sp=0x0000006b4dafd620
Event: 3.323 Thread 0x0000022113b67ea0 DEOPT UNPACKING pc=0x000002210004d72e sp=0x0000006b4dafd5b0 mode 2
Event: 3.351 Thread 0x0000022113b67ea0 Uncommon trap: trap_request=0xffffffc6 fr.pc=0x0000022107b6a810 relative=0x00000000000008f0
Event: 3.351 Thread 0x0000022113b67ea0 Uncommon trap: reason=bimorphic_or_optimized_type_check action=maybe_recompile pc=0x0000022107b6a810 method=java.util.HashMap.putVal(ILjava/lang/Object;Ljava/lang/Object;ZZ)Ljava/lang/Object; @ 91 c2
Event: 3.351 Thread 0x0000022113b67ea0 DEOPT PACKING pc=0x0000022107b6a810 sp=0x0000006b4dafddb0
Event: 3.352 Thread 0x0000022113b67ea0 DEOPT UNPACKING pc=0x000002210004d72e sp=0x0000006b4dafdd50 mode 2
Event: 3.353 Thread 0x0000022113b67ea0 Uncommon trap: trap_request=0xffffffc6 fr.pc=0x0000022107b6a810 relative=0x00000000000008f0
Event: 3.353 Thread 0x0000022113b67ea0 Uncommon trap: reason=bimorphic_or_optimized_type_check action=maybe_recompile pc=0x0000022107b6a810 method=java.util.HashMap.putVal(ILjava/lang/Object;Ljava/lang/Object;ZZ)Ljava/lang/Object; @ 91 c2
Event: 3.353 Thread 0x0000022113b67ea0 DEOPT PACKING pc=0x0000022107b6a810 sp=0x0000006b4dafde40
Event: 3.353 Thread 0x0000022113b67ea0 DEOPT UNPACKING pc=0x000002210004d72e sp=0x0000006b4dafdde0 mode 2

Classes unloaded (0 events):
No events

Classes redefined (0 events):
No events

Internal exceptions (20 events):
Event: 3.215 Thread 0x0000022113b67ea0 Exception <a 'java/lang/IncompatibleClassChangeError'{0x00000000a8ad5038}: Found class java.lang.Object, but interface was expected> (0x00000000a8ad5038) 
thrown [t:\workspace\open\src\hotspot\share\interpreter\linkResolver.cpp, line 857]
Event: 3.240 Thread 0x0000022113b67ea0 Exception <a 'java/lang/ClassNotFoundException'{0x00000000a89d6e88}: org/springframework/context/annotation/ConfigurationClassPostProcessorCustomizer> (0x00000000a89d6e88) 
thrown [t:\workspace\open\src\hotspot\share\classfile\systemDictionary.cpp, line 256]
Event: 3.247 Thread 0x0000022113b67ea0 Exception <a 'java/lang/ClassNotFoundException'{0x00000000a89f6a38}: org/springframework/beans/factory/support/BeanDefinitionRegistryPostProcessorCustomizer> (0x00000000a89f6a38) 
thrown [t:\workspace\open\src\hotspot\share\classfile\systemDictionary.cpp, line 256]
Event: 3.248 Thread 0x0000022113b67ea0 Exception <a 'java/lang/ClassNotFoundException'{0x00000000a89fd118}: org/springframework/beans/factory/config/BeanFactoryPostProcessorCustomizer> (0x00000000a89fd118) 
thrown [t:\workspace\open\src\hotspot\share\classfile\systemDictionary.cpp, line 256]
Event: 3.249 Thread 0x0000022113b67ea0 Exception <a 'java/lang/ClassNotFoundException'{0x00000000a8861b50}: org/springframework/core/PriorityOrderedCustomizer> (0x00000000a8861b50) 
thrown [t:\workspace\open\src\hotspot\share\classfile\systemDictionary.cpp, line 256]
Event: 3.250 Thread 0x0000022113b67ea0 Exception <a 'java/lang/ClassNotFoundException'{0x00000000a8866a60}: org/springframework/core/OrderedCustomizer> (0x00000000a8866a60) 
thrown [t:\workspace\open\src\hotspot\share\classfile\systemDictionary.cpp, line 256]
Event: 3.251 Thread 0x0000022113b67ea0 Exception <a 'java/lang/ClassNotFoundException'{0x00000000a886cc98}: org/springframework/context/ResourceLoaderAwareCustomizer> (0x00000000a886cc98) 
thrown [t:\workspace\open\src\hotspot\share\classfile\systemDictionary.cpp, line 256]
Event: 3.252 Thread 0x0000022113b67ea0 Exception <a 'java/lang/ClassNotFoundException'{0x00000000a8872f80}: org/springframework/beans/factory/AwareCustomizer> (0x00000000a8872f80) 
thrown [t:\workspace\open\src\hotspot\share\classfile\systemDictionary.cpp, line 256]
Event: 3.253 Thread 0x0000022113b67ea0 Exception <a 'java/lang/ClassNotFoundException'{0x00000000a8878300}: org/springframework/context/ApplicationStartupAwareCustomizer> (0x00000000a8878300) 
thrown [t:\workspace\open\src\hotspot\share\classfile\systemDictionary.cpp, line 256]
Event: 3.254 Thread 0x0000022113b67ea0 Exception <a 'java/lang/ClassNotFoundException'{0x00000000a887e860}: org/springframework/beans/factory/AwareCustomizer> (0x00000000a887e860) 
thrown [t:\workspace\open\src\hotspot\share\classfile\systemDictionary.cpp, line 256]
Event: 3.255 Thread 0x0000022113b67ea0 Exception <a 'java/lang/ClassNotFoundException'{0x00000000a8883c20}: org/springframework/beans/factory/BeanClassLoaderAwareCustomizer> (0x00000000a8883c20) 
thrown [t:\workspace\open\src\hotspot\share\classfile\systemDictionary.cpp, line 256]
Event: 3.256 Thread 0x0000022113b67ea0 Exception <a 'java/lang/ClassNotFoundException'{0x00000000a8889f20}: org/springframework/beans/factory/AwareCustomizer> (0x00000000a8889f20) 
thrown [t:\workspace\open\src\hotspot\share\classfile\systemDictionary.cpp, line 256]
Event: 3.257 Thread 0x0000022113b67ea0 Exception <a 'java/lang/ClassNotFoundException'{0x00000000a888eff0}: org/springframework/context/EnvironmentAwareCustomizer> (0x00000000a888eff0) 
thrown [t:\workspace\open\src\hotspot\share\classfile\systemDictionary.cpp, line 256]
Event: 3.258 Thread 0x0000022113b67ea0 Exception <a 'java/lang/ClassNotFoundException'{0x00000000a8895268}: org/springframework/beans/factory/AwareCustomizer> (0x00000000a8895268) 
thrown [t:\workspace\open\src\hotspot\share\classfile\systemDictionary.cpp, line 256]
Event: 3.259 Thread 0x000002211b5934f0 Exception <a 'java/lang/NoSuchMethodError'{0x00000000a88e2750}: 'long java.lang.invoke.DirectMethodHandle$Holder.invokeSpecial(java.lang.Object, java.lang.Object)'> (0x00000000a88e2750) 
thrown [t:\workspace\open\src\hotspot\share\interpreter\linkResolver.cpp, line 790]
Event: 3.279 Thread 0x000002211b5934f0 Exception <a 'java/lang/NoSuchMethodError'{0x00000000a88ed948}: 'long java.lang.invoke.DirectMethodHandle$Holder.invokeStatic(java.lang.Object, java.lang.Object)'> (0x00000000a88ed948) 
thrown [t:\workspace\open\src\hotspot\share\interpreter\linkResolver.cpp, line 790]
Event: 3.280 Thread 0x000002211b5934f0 Exception <a 'java/lang/NoSuchMethodError'{0x00000000a88f1128}: 'long java.lang.invoke.DirectMethodHandle$Holder.invokeStaticInit(java.lang.Object, java.lang.Object)'> (0x00000000a88f1128) 
thrown [t:\workspace\open\src\hotspot\share\interpreter\linkResolver.cpp, line 790]
Event: 3.287 Thread 0x000002211b5934f0 Exception <a 'java/lang/NoSuchMethodError'{0x00000000a88fefc0}: 'long java.lang.invoke.DirectMethodHandle$Holder.invokeInterface(java.lang.Object, java.lang.Object)'> (0x00000000a88fefc0) 
thrown [t:\workspace\open\src\hotspot\share\interpreter\linkResolver.cpp, line 790]
Event: 3.288 Thread 0x000002211b5934f0 Exception <a 'java/lang/IncompatibleClassChangeError'{0x00000000a877aa58}: Found class java.lang.Object, but interface was expected> (0x00000000a877aa58) 
thrown [t:\workspace\open\src\hotspot\share\interpreter\linkResolver.cpp, line 857]
Event: 3.307 Thread 0x000002211b5934f0 Exception <a 'java/lang/NoSuchMethodError'{0x00000000a87ee648}: 'java.lang.Object java.lang.invoke.DirectMethodHandle$Holder.invokeVirtual(java.lang.Object, java.lang.Object, java.lang.Object, java.lang.Object)'> (0x00000000a87ee648) 
thrown [t:\workspace\open\src\hotspot\share\interpreter\linkResolver.cpp, line 790]

Events (20 events):
Event: 3.245 loading class java/util/AbstractList$Itr
Event: 3.245 loading class java/util/AbstractList$Itr done
Event: 3.245 loading class java/util/AbstractList$ListItr done
Event: 3.267 loading class java/util/concurrent/ConcurrentLinkedDeque$Itr
Event: 3.267 loading class java/util/concurrent/ConcurrentLinkedDeque$AbstractItr
Event: 3.267 loading class java/util/concurrent/ConcurrentLinkedDeque$AbstractItr done
Event: 3.267 loading class java/util/concurrent/ConcurrentLinkedDeque$Itr done
Event: 3.299 loading class java/net/SocketException
Event: 3.299 loading class java/net/SocketException done
Event: 3.303 Executing  VM operation: HandshakeAllThreads
Event: 3.303 Executing  VM operation: HandshakeAllThreads done
Event: 3.313 Thread 0x000002211b5934f0 Thread exited: 0x000002211b5934f0
Event: 3.325 loading class java/util/regex/Pattern$LazyLoop
Event: 3.325 loading class java/util/regex/Pattern$Loop
Event: 3.325 loading class java/util/regex/Pattern$Loop done
Event: 3.325 loading class java/util/regex/Pattern$LazyLoop done
Event: 3.325 loading class java/util/regex/Pattern$Prolog
Event: 3.325 loading class java/util/regex/Pattern$Prolog done
Event: 3.333 loading class java/lang/AssertionError
Event: 3.333 loading class java/lang/AssertionError done


Dynamic libraries:
0x00007ff7782e0000 - 0x00007ff7782ee000 	C:\Users\Илюха-чилюха\.jdks\openjdk-16\bin\java.exe
0x00007fff62fe0000 - 0x00007fff631cd000 	C:\Windows\SYSTEM32\ntdll.dll
0x00007fff62a50000 - 0x00007fff62b03000 	C:\Windows\System32\KERNEL32.DLL
0x00007fff5f440000 - 0x00007fff5f6d5000 	C:\Windows\System32\KERNELBASE.dll
0x00007fff5f290000 - 0x00007fff5f38a000 	C:\Windows\System32\ucrtbase.dll
0x00007fff48340000 - 0x00007fff48358000 	C:\Users\Илюха-чилюха\.jdks\openjdk-16\bin\jli.dll
0x00007fff62730000 - 0x00007fff628c7000 	C:\Windows\System32\USER32.dll
0x00007fff5f3c0000 - 0x00007fff5f3e0000 	C:\Windows\System32\win32u.dll
0x00007fff62600000 - 0x00007fff62629000 	C:\Windows\System32\GDI32.dll
0x00007fff5fe30000 - 0x00007fff5ffcc000 	C:\Windows\System32\gdi32full.dll
0x00007fff5ffd0000 - 0x00007fff60070000 	C:\Windows\System32\msvcp_win.dll
0x00007fff48270000 - 0x00007fff48289000 	C:\Users\Илюха-чилюха\.jdks\openjdk-16\bin\VCRUNTIME140.dll
0x00007fff48410000 - 0x00007fff48689000 	C:\Windows\WinSxS\amd64_microsoft.windows.common-controls_6595b64144ccf1df_6.0.17763.1935_none_de70702c534c0c76\COMCTL32.dll
0x00007fff60b00000 - 0x00007fff60b9e000 	C:\Windows\System32\msvcrt.dll
0x00007fff62b70000 - 0x00007fff62e9d000 	C:\Windows\System32\combase.dll
0x00007fff628d0000 - 0x00007fff629ef000 	C:\Windows\System32\RPCRT4.dll
0x00007fff60120000 - 0x00007fff6019f000 	C:\Windows\System32\bcryptPrimitives.dll
0x00007fff60600000 - 0x00007fff6062e000 	C:\Windows\System32\IMM32.DLL
0x00007fff48170000 - 0x00007fff4817c000 	C:\Users\Илюха-чилюха\.jdks\openjdk-16\bin\vcruntime140_1.dll
0x00007fff42020000 - 0x00007fff420b1000 	C:\Users\Илюха-чилюха\.jdks\openjdk-16\bin\msvcp140.dll
0x00007fff1fa80000 - 0x00007fff2062b000 	C:\Users\Илюха-чилюха\.jdks\openjdk-16\bin\server\jvm.dll
0x00007fff62ea0000 - 0x00007fff62f43000 	C:\Windows\System32\ADVAPI32.dll
0x00007fff62560000 - 0x00007fff625fe000 	C:\Windows\System32\sechost.dll
0x00007fff620c0000 - 0x00007fff620c8000 	C:\Windows\System32\PSAPI.DLL
0x00007fff526b0000 - 0x00007fff526b9000 	C:\Windows\SYSTEM32\WSOCK32.dll
0x00007fff626c0000 - 0x00007fff6272d000 	C:\Windows\System32\WS2_32.dll
0x00007fff5cb60000 - 0x00007fff5cb84000 	C:\Windows\SYSTEM32\WINMM.dll
0x00007fff53df0000 - 0x00007fff53dfa000 	C:\Windows\SYSTEM32\VERSION.dll
0x00007fff5cb30000 - 0x00007fff5cb5d000 	C:\Windows\SYSTEM32\WINMMBASE.dll
0x00007fff601a0000 - 0x00007fff601ea000 	C:\Windows\System32\cfgmgr32.dll
0x00007fff5f020000 - 0x00007fff5f031000 	C:\Windows\System32\kernel.appcore.dll
0x00007fff48160000 - 0x00007fff4816a000 	C:\Users\Илюха-чилюха\.jdks\openjdk-16\bin\jimage.dll
0x00007fff4e0a0000 - 0x00007fff4e28d000 	C:\Windows\SYSTEM32\DBGHELP.DLL
0x00007fff4e070000 - 0x00007fff4e09a000 	C:\Windows\SYSTEM32\dbgcore.DLL
0x00007fff48150000 - 0x00007fff4815e000 	C:\Users\Илюха-чилюха\.jdks\openjdk-16\bin\instrument.dll
0x00007fff46370000 - 0x00007fff46395000 	C:\Users\Илюха-чилюха\.jdks\openjdk-16\bin\java.dll
0x00007fff60ba0000 - 0x00007fff62099000 	C:\Windows\System32\SHELL32.dll
0x00007fff60890000 - 0x00007fff60938000 	C:\Windows\System32\shcore.dll
0x00007fff5f6e0000 - 0x00007fff5fe2b000 	C:\Windows\System32\windows.storage.dll
0x00007fff5efd0000 - 0x00007fff5eff4000 	C:\Windows\System32\profapi.dll
0x00007fff5f040000 - 0x00007fff5f09d000 	C:\Windows\System32\powrprof.dll
0x00007fff62f50000 - 0x00007fff62fa2000 	C:\Windows\System32\shlwapi.dll
0x00007fff601f0000 - 0x00007fff60207000 	C:\Windows\System32\cryptsp.dll
0x00007fff46330000 - 0x00007fff46348000 	C:\Users\Илюха-чилюха\.jdks\openjdk-16\bin\zip.dll
0x00007fff477f0000 - 0x00007fff47809000 	C:\Users\Илюха-чилюха\.jdks\openjdk-16\bin\net.dll
0x00007fff55ce0000 - 0x00007fff55ddb000 	C:\Windows\SYSTEM32\WINHTTP.dll
0x00007fff5e7b0000 - 0x00007fff5e817000 	C:\Windows\system32\mswsock.dll
0x00007fff46350000 - 0x00007fff46363000 	C:\Users\Илюха-чилюха\.jdks\openjdk-16\bin\nio.dll
0x00007fff462e0000 - 0x00007fff462fa000 	D:\Spring\IntelliJ IDEA Community Edition 2020.3.3\bin\breakgen64.dll
0x00007fff46db0000 - 0x00007fff46dc0000 	C:\Users\Илюха-чилюха\.jdks\openjdk-16\bin\verify.dll
0x00007fff37320000 - 0x00007fff37329000 	C:\Users\Илюха-чилюха\.jdks\openjdk-16\bin\management.dll
0x00007fff36e10000 - 0x00007fff36e1b000 	C:\Users\Илюха-чилюха\.jdks\openjdk-16\bin\management_ext.dll
0x00007fff4a470000 - 0x00007fff4a486000 	C:\Windows\system32\napinsp.dll
0x00007fff4a450000 - 0x00007fff4a46a000 	C:\Windows\system32\pnrpnsp.dll
0x00007fff5e510000 - 0x00007fff5e5d6000 	C:\Windows\SYSTEM32\DNSAPI.dll
0x00007fff62630000 - 0x00007fff62638000 	C:\Windows\System32\NSI.dll
0x00007fff5e4d0000 - 0x00007fff5e50d000 	C:\Windows\SYSTEM32\IPHLPAPI.DLL
0x00007fff4e290000 - 0x00007fff4e29e000 	C:\Windows\System32\winrnr.dll
0x00007fff5b5b0000 - 0x00007fff5b5cb000 	C:\Windows\system32\NLAapi.dll
0x00007fff4a430000 - 0x00007fff4a445000 	C:\Windows\system32\wshbth.dll
0x0000000075ca0000 - 0x0000000075cc6000 	C:\Program Files\Bonjour\mdnsNSP.dll
0x00007fff55c50000 - 0x00007fff55c5a000 	C:\Windows\System32\rasadhlp.dll
0x00007fff55c60000 - 0x00007fff55cd9000 	C:\Windows\System32\fwpuclnt.dll
0x00007fff5f390000 - 0x00007fff5f3b6000 	C:\Windows\System32\bcrypt.dll

dbghelp: loaded successfully - version: 4.0.5 - missing functions: none
symbol engine: initialized successfully - sym options: 0x614 - pdb path: .;C:\Users\Илюха-чилюха\.jdks\openjdk-16\bin;C:\Windows\SYSTEM32;C:\Windows\WinSxS\amd64_microsoft.windows.common-controls_6595b64144ccf1df_6.0.17763.1935_none_de70702c534c0c76;C:\Users\Илюха-чилюха\.jdks\openjdk-16\bin\server;D:\Spring\IntelliJ IDEA Community Edition 2020.3.3\bin;C:\Program Files\Bonjour

VM Arguments:
jvm_args: -javaagent:D:\Spring\IntelliJ IDEA Community Edition 2020.3.3\lib\idea_rt.jar=59914:D:\Spring\IntelliJ IDEA Community Edition 2020.3.3\bin -Dfile.encoding=UTF-8 
java_command: com.example.Task_Develop.TaskDevelopApplication
java_class_path (initial): C:\Users\Илюха-чилюха\Desktop\проекты\Task_Develop\target\classes;C:\Users\Илюха-чилюха\.m2\repository\org\springframework\boot\spring-boot-starter-web\2.5.0\spring-boot-starter-web-2.5.0.jar;C:\Users\Илюха-чилюха\.m2\repository\org\springframework\boot\spring-boot-starter\2.5.0\spring-boot-starter-2.5.0.jar;C:\Users\Илюха-чилюха\.m2\repository\org\springframework\boot\spring-boot-starter-logging\2.5.0\spring-boot-starter-logging-2.5.0.jar;C:\Users\Илюха-чилюха\.m2\repository\ch\qos\logback\logback-classic\1.2.3\logback-classic-1.2.3.jar;C:\Users\Илюха-чилюха\.m2\repository\ch\qos\logback\logback-core\1.2.3\logback-core-1.2.3.jar;C:\Users\Илюха-чилюха\.m2\repository\org\apache\logging\log4j\log4j-to-slf4j\2.14.1\log4j-to-slf4j-2.14.1.jar;C:\Users\Илюха-чилюха\.m2\repository\org\apache\logging\log4j\log4j-api\2.14.1\log4j-api-2.14.1.jar;C:\Users\Илюха-чилюха\.m2\repository\org\slf4j\jul-to-slf4j\1.7.30\jul-to-slf4j-1.7.30.jar;C:\Users\Илюха-чилюха\.m2\repository\jakarta\annotation\jakarta.annotation-api\1.3.5\jakarta.annotation-api-1.3.5.jar;C:\Users\Илюха-чилюха\.m2\repository\org\yaml\snakeyaml\1.28\snakeyaml-1.28.jar;C:\Users\Илюха-чилюха\.m2\repository\org\springframework\boot\spring-boot-starter-json\2.5.0\spring-boot-starter-json-2.5.0.jar;C:\Users\Илюха-чилюха\.m2\repository\com\fasterxml\jackson\core\jackson-databind\2.12.3\jackson-databind-2.12.3.jar;C:\Users\Илюха-чилюха\.m2\repository\com\fasterxml\jackson\core\jackson-annotations\2.12.3\jackson-annotations-2.12.3.jar;C:\Users\Илюха-чилюха\.m2\repository\com\fasterxml\jackson\core\jackson-core\2.12.3\jackson-core-2.12.3.jar;C:\Users\Илюха-чилюха\.m2\repository\com\fasterxml\jackson\datatype\jackson-datatype-jdk8\2.12.3\jackson-datatype-jdk8-2.12.3.jar;C:\Users\Илюха-чилюха\.m2\repository\com\fasterxml\jackson\datatype\jackson-datatype-jsr310\2.12.3\jackson-datatype-jsr310-2.12.3.jar;C:\Users\Илюха-чилюха\.m2\repository\com\fasterxml\jackson\module\jackson-module-parameter-names
Launcher Type: SUN_STANDARD

[Global flags]
     intx CICompilerCount                          = 3                                         {product} {ergonomic}
     uint ConcGCThreads                            = 1                                         {product} {ergonomic}
     uint G1ConcRefinementThreads                  = 4                                         {product} {ergonomic}
   size_t G1HeapRegionSize                         = 1048576                                   {product} {ergonomic}
    uintx GCDrainStackTargetSize                   = 64                                        {product} {ergonomic}
   size_t InitialHeapSize                          = 98566144                                  {product} {ergonomic}
   size_t MarkStackSize                            = 4194304                                   {product} {ergonomic}
   size_t MaxHeapSize                              = 1562378240                                {product} {ergonomic}
   size_t MaxNewSize                               = 937426944                                 {product} {ergonomic}
   size_t MinHeapDeltaBytes                        = 1048576                                   {product} {ergonomic}
   size_t MinHeapSize                              = 8388608                                   {product} {ergonomic}
    uintx NonNMethodCodeHeapSize                   = 5832780                                {pd product} {ergonomic}
    uintx NonProfiledCodeHeapSize                  = 122912730                              {pd product} {ergonomic}
    uintx ProfiledCodeHeapSize                     = 122912730                              {pd product} {ergonomic}
    uintx ReservedCodeCacheSize                    = 251658240                              {pd product} {ergonomic}
     bool SegmentedCodeCache                       = true                                      {product} {ergonomic}
   size_t SoftMaxHeapSize                          = 1562378240                             {manageable} {ergonomic}
     bool UseCompressedClassPointers               = true                           {product lp64_product} {ergonomic}
     bool UseCompressedOops                        = true                           {product lp64_product} {ergonomic}
     bool UseG1GC                                  = true                                      {product} {ergonomic}
     bool UseLargePagesIndividualAllocation        = false                                  {pd product} {ergonomic}

Logging:
Log output configuration:
 #0: stdout all=warning uptime,level,tags
 #1: stderr all=off uptime,level,tags

Environment Variables:
PATH=C:\Program Files (x86)\Common Files\Oracle\Java\javapath;C:\Windows\system32;C:\Windows;C:\Windows\System32\Wbem;C:\Windows\System32\WindowsPowerShell\v1.0\;C:\Windows\System32\OpenSSH\;C:\Program Files\dotnet\;C:\Program Files\Microsoft SQL Server\130\Tools\Binn\;C:\Program Files\MATLAB\R2015b\runtime\win64;C:\Program Files\MATLAB\R2015b\bin;C:\Program Files\MATLAB\R2015b\polyspace\bin;C:\Program Files\Git\cmd;C:\Users\Илюха-чилюха\AppData\Local\Microsoft\WindowsApps;;D:\Spring\IntelliJ IDEA Community Edition 2020.3.3\bin;
USERNAME=Илюха-чилюха
OS=Windows_NT
PROCESSOR_IDENTIFIER=Intel64 Family 6 Model 58 Stepping 9, GenuineIntel



---------------  S Y S T E M  ---------------

OS:
 Windows 10 , 64 bit Build 17763 (10.0.17763.1879)
OS uptime: 7 days 15:08 hours

CPU: total 4 (initial active 4) (2 cores per cpu, 2 threads per core) family 6 model 58 stepping 9 microcode 0x21, cx8, cmov, fxsr, ht, mmx, sse, sse2, sse3, ssse3, sse4.1, sse4.2, popcnt, tsc, tscinvbit, avx, erms, clmul, vzeroupper, clflush

Memory: 4k page, system-wide physical 5959M (804M free)
TotalPageFile size 6759M (AvailPageFile size 2M)
current process WorkingSet (physical memory assigned to process): 154M, peak: 157M
current process commit charge ("private bytes"): 220M, peak: 224M

vm_info: OpenJDK 64-Bit Server VM (16+36-2231) for windows-amd64 JRE (16+36-2231), built on Feb  8 2021 11:39:36 by "mach5one" with MS VC++ 16.7 (VS2019)

END.
