#
# There is insufficient memory for the Java Runtime Environment to continue.
# Native memory allocation (mmap) failed to map 98566144 bytes for G1 virtual space
# Possible reasons:
#   The system is out of physical RAM or swap space
#   The process is running with CompressedOops enabled, and the Java Heap may be blocking the growth of the native heap
# Possible solutions:
#   Reduce memory load on the system
#   Increase physical memory or swap space
#   Check if swap backing store is full
#   Decrease Java heap size (-Xmx/-Xms)
#   Decrease number of Java threads
#   Decrease Java thread stack sizes (-Xss)
#   Set larger code cache with -XX:ReservedCodeCacheSize=
#   JVM is running with Unscaled Compressed Oops mode in which the Java heap is
#     placed in the first 4GB address space. The Java Heap base address is the
#     maximum limit for the native heap growth. Please use -XX:HeapBaseMinAddress
#     to set the Java Heap base and to place the Java Heap above 4GB virtual address.
# This output file may be truncated or incomplete.
#
#  Out of Memory Error (os_windows.cpp:3466), pid=2256, tid=12396
#
# JRE version:  (16.0+36) (build )
# Java VM: OpenJDK 64-Bit Server VM (16+36-2231, mixed mode, sharing, tiered, compressed oops, g1 gc, windows-amd64)
# No core dump will be written. Minidumps are not enabled by default on client versions of Windows
#

---------------  S U M M A R Y ------------

Command Line: -javaagent:D:\Spring\IntelliJ IDEA Community Edition 2020.3.3\lib\idea_rt.jar=59957:D:\Spring\IntelliJ IDEA Community Edition 2020.3.3\bin -Dfile.encoding=UTF-8 com.example.Task_Develop.TaskDevelopApplication

Host: Intel(R) Core(TM) i3-3120M CPU @ 2.50GHz, 4 cores, 5G,  Windows 10 , 64 bit Build 17763 (10.0.17763.1879)
Time: Mon May 24 17:14:00 2021 Новосибирское стандартное время elapsed time: 0.033848 seconds (0d 0h 0m 0s)

---------------  T H R E A D  ---------------

Current thread (0x000001fef7302390):  JavaThread "Unknown thread" [_thread_in_vm, id=12396, stack(0x0000000a07900000,0x0000000a07a00000)]

Stack: [0x0000000a07900000,0x0000000a07a00000]
Native frames: (J=compiled Java code, j=interpreted, Vv=VM code, C=native code)
V  [jvm.dll+0x6681da]
V  [jvm.dll+0x7c9d99]
V  [jvm.dll+0x7cb4d3]
V  [jvm.dll+0x7cbb33]
V  [jvm.dll+0x242ee5]
V  [jvm.dll+0x664f99]
V  [jvm.dll+0x659b85]
V  [jvm.dll+0x2fbfcb]
V  [jvm.dll+0x3031c6]
V  [jvm.dll+0x352a0e]
V  [jvm.dll+0x352c3f]
V  [jvm.dll+0x2d3038]
V  [jvm.dll+0x2d4274]
V  [jvm.dll+0x79c691]
V  [jvm.dll+0x3607b1]
V  [jvm.dll+0x77a370]
V  [jvm.dll+0x3e501f]
V  [jvm.dll+0x3e6af1]
C  [jli.dll+0x52fb]
C  [ucrtbase.dll+0x2268a]
C  [KERNEL32.DLL+0x17974]
C  [ntdll.dll+0x5a2f1]


---------------  P R O C E S S  ---------------

Threads class SMR info:
_java_thread_list=0x00007fff2058cbb8, length=0, elements={
}

Java Threads: ( => current thread )

Other Threads:
  0x000001fef531e0c0 GCTaskThread "GC Thread#0" [stack: 0x0000000a07a00000,0x0000000a07b00000] [id=9584]
  0x000001fef73413b0 ConcurrentGCThread "G1 Main Marker" [stack: 0x0000000a07b00000,0x0000000a07c00000] [id=13600]
  0x000001fef7342c40 ConcurrentGCThread "G1 Conc#0" [stack: 0x0000000a07c00000,0x0000000a07d00000] [id=14144]

[error occurred during error reporting (printing all threads), id 0xc0000005, EXCEPTION_ACCESS_VIOLATION (0xc0000005) at pc=0x00007fff1fd63ef7]

VM state: not at safepoint (not fully initialized)

VM Mutex/Monitor currently owned by a thread:  ([mutex/lock_event])
[0x000001fef72fcf00] Heap_lock - owner thread: 0x000001fef7302390

Heap address: 0x00000000a2e00000, size: 1490 MB, Compressed Oops mode: 32-bit
CDS archive(s) mapped at: [0x0000000000000000-0x0000000000000000-0x0000000000000000), size 0, SharedBaseAddress: 0x0000000800000000, ArchiveRelocationMode: 0.
Narrow klass base: 0x0000000000000000, Narrow klass shift: 0, Narrow klass range: 0x0

GC Precious Log:
<Empty>

Heap:
 garbage-first heap   total 0K, used 0K [0x00000000a2e00000, 0x0000000100000000)
  region size 1024K, 0 young (0K), 0 survivors (0K)

[error occurred during error reporting (printing heap information), id 0xc0000005, EXCEPTION_ACCESS_VIOLATION (0xc0000005) at pc=0x00007fff20141edd]

GC Heap History (0 events):
No events

Deoptimization events (0 events):
No events

Classes unloaded (0 events):
No events

Classes redefined (0 events):
No events

Internal exceptions (0 events):
No events

Events (1 events):
Event: 0.022 Loaded shared library C:\Users\Илюха-чилюха\.jdks\openjdk-16\bin\java.dll


Dynamic libraries:
0x00007ff7782e0000 - 0x00007ff7782ee000 	C:\Users\Илюха-чилюха\.jdks\openjdk-16\bin\java.exe
0x00007fff62fe0000 - 0x00007fff631cd000 	C:\Windows\SYSTEM32\ntdll.dll
0x00007fff62a50000 - 0x00007fff62b03000 	C:\Windows\System32\KERNEL32.DLL
0x00007fff5f440000 - 0x00007fff5f6d5000 	C:\Windows\System32\KERNELBASE.dll
0x00007fff5f290000 - 0x00007fff5f38a000 	C:\Windows\System32\ucrtbase.dll
0x00007fff48340000 - 0x00007fff48358000 	C:\Users\Илюха-чилюха\.jdks\openjdk-16\bin\jli.dll
0x00007fff62730000 - 0x00007fff628c7000 	C:\Windows\System32\USER32.dll
0x00007fff5f3c0000 - 0x00007fff5f3e0000 	C:\Windows\System32\win32u.dll
0x00007fff62600000 - 0x00007fff62629000 	C:\Windows\System32\GDI32.dll
0x00007fff5fe30000 - 0x00007fff5ffcc000 	C:\Windows\System32\gdi32full.dll
0x00007fff5ffd0000 - 0x00007fff60070000 	C:\Windows\System32\msvcp_win.dll
0x00007fff48270000 - 0x00007fff48289000 	C:\Users\Илюха-чилюха\.jdks\openjdk-16\bin\VCRUNTIME140.dll
0x00007fff48410000 - 0x00007fff48689000 	C:\Windows\WinSxS\amd64_microsoft.windows.common-controls_6595b64144ccf1df_6.0.17763.1935_none_de70702c534c0c76\COMCTL32.dll
0x00007fff60b00000 - 0x00007fff60b9e000 	C:\Windows\System32\msvcrt.dll
0x00007fff62b70000 - 0x00007fff62e9d000 	C:\Windows\System32\combase.dll
0x00007fff628d0000 - 0x00007fff629ef000 	C:\Windows\System32\RPCRT4.dll
0x00007fff60120000 - 0x00007fff6019f000 	C:\Windows\System32\bcryptPrimitives.dll
0x00007fff60600000 - 0x00007fff6062e000 	C:\Windows\System32\IMM32.DLL
0x00007fff48170000 - 0x00007fff4817c000 	C:\Users\Илюха-чилюха\.jdks\openjdk-16\bin\vcruntime140_1.dll
0x00007fff42020000 - 0x00007fff420b1000 	C:\Users\Илюха-чилюха\.jdks\openjdk-16\bin\msvcp140.dll
0x00007fff1fa80000 - 0x00007fff2062b000 	C:\Users\Илюха-чилюха\.jdks\openjdk-16\bin\server\jvm.dll
0x00007fff62ea0000 - 0x00007fff62f43000 	C:\Windows\System32\ADVAPI32.dll
0x00007fff62560000 - 0x00007fff625fe000 	C:\Windows\System32\sechost.dll
0x00007fff620c0000 - 0x00007fff620c8000 	C:\Windows\System32\PSAPI.DLL
0x00007fff526b0000 - 0x00007fff526b9000 	C:\Windows\SYSTEM32\WSOCK32.dll
0x00007fff626c0000 - 0x00007fff6272d000 	C:\Windows\System32\WS2_32.dll
0x00007fff5cb60000 - 0x00007fff5cb84000 	C:\Windows\SYSTEM32\WINMM.dll
0x00007fff53df0000 - 0x00007fff53dfa000 	C:\Windows\SYSTEM32\VERSION.dll
0x00007fff5cb30000 - 0x00007fff5cb5d000 	C:\Windows\SYSTEM32\WINMMBASE.dll
0x00007fff601a0000 - 0x00007fff601ea000 	C:\Windows\System32\cfgmgr32.dll
0x00007fff5f020000 - 0x00007fff5f031000 	C:\Windows\System32\kernel.appcore.dll
0x00007fff48160000 - 0x00007fff4816a000 	C:\Users\Илюха-чилюха\.jdks\openjdk-16\bin\jimage.dll
0x00007fff4e0a0000 - 0x00007fff4e28d000 	C:\Windows\SYSTEM32\DBGHELP.DLL
0x00007fff4e070000 - 0x00007fff4e09a000 	C:\Windows\SYSTEM32\dbgcore.DLL
0x00007fff48150000 - 0x00007fff4815e000 	C:\Users\Илюха-чилюха\.jdks\openjdk-16\bin\instrument.dll
0x00007fff46370000 - 0x00007fff46395000 	C:\Users\Илюха-чилюха\.jdks\openjdk-16\bin\java.dll

dbghelp: loaded successfully - version: 4.0.5 - missing functions: none
symbol engine: initialized successfully - sym options: 0x614 - pdb path: .;C:\Users\Илюха-чилюха\.jdks\openjdk-16\bin;C:\Windows\SYSTEM32;C:\Windows\WinSxS\amd64_microsoft.windows.common-controls_6595b64144ccf1df_6.0.17763.1935_none_de70702c534c0c76;C:\Users\Илюха-чилюха\.jdks\openjdk-16\bin\server

VM Arguments:
jvm_args: -javaagent:D:\Spring\IntelliJ IDEA Community Edition 2020.3.3\lib\idea_rt.jar=59957:D:\Spring\IntelliJ IDEA Community Edition 2020.3.3\bin -Dfile.encoding=UTF-8 
java_command: com.example.Task_Develop.TaskDevelopApplication
java_class_path (initial): C:\Users\Илюха-чилюха\Desktop\проекты\Task_Develop\target\classes;C:\Users\Илюха-чилюха\.m2\repository\org\springframework\boot\spring-boot-starter-web\2.5.0\spring-boot-starter-web-2.5.0.jar;C:\Users\Илюха-чилюха\.m2\repository\org\springframework\boot\spring-boot-starter\2.5.0\spring-boot-starter-2.5.0.jar;C:\Users\Илюха-чилюха\.m2\repository\org\springframework\boot\spring-boot-starter-logging\2.5.0\spring-boot-starter-logging-2.5.0.jar;C:\Users\Илюха-чилюха\.m2\repository\ch\qos\logback\logback-classic\1.2.3\logback-classic-1.2.3.jar;C:\Users\Илюха-чилюха\.m2\repository\ch\qos\logback\logback-core\1.2.3\logback-core-1.2.3.jar;C:\Users\Илюха-чилюха\.m2\repository\org\apache\logging\log4j\log4j-to-slf4j\2.14.1\log4j-to-slf4j-2.14.1.jar;C:\Users\Илюха-чилюха\.m2\repository\org\apache\logging\log4j\log4j-api\2.14.1\log4j-api-2.14.1.jar;C:\Users\Илюха-чилюха\.m2\repository\org\slf4j\jul-to-slf4j\1.7.30\jul-to-slf4j-1.7.30.jar;C:\Users\Илюха-чилюха\.m2\repository\jakarta\annotation\jakarta.annotation-api\1.3.5\jakarta.annotation-api-1.3.5.jar;C:\Users\Илюха-чилюха\.m2\repository\org\yaml\snakeyaml\1.28\snakeyaml-1.28.jar;C:\Users\Илюха-чилюха\.m2\repository\org\springframework\boot\spring-boot-starter-json\2.5.0\spring-boot-starter-json-2.5.0.jar;C:\Users\Илюха-чилюха\.m2\repository\com\fasterxml\jackson\core\jackson-databind\2.12.3\jackson-databind-2.12.3.jar;C:\Users\Илюха-чилюха\.m2\repository\com\fasterxml\jackson\core\jackson-annotations\2.12.3\jackson-annotations-2.12.3.jar;C:\Users\Илюха-чилюха\.m2\repository\com\fasterxml\jackson\core\jackson-core\2.12.3\jackson-core-2.12.3.jar;C:\Users\Илюха-чилюха\.m2\repository\com\fasterxml\jackson\datatype\jackson-datatype-jdk8\2.12.3\jackson-datatype-jdk8-2.12.3.jar;C:\Users\Илюха-чилюха\.m2\repository\com\fasterxml\jackson\datatype\jackson-datatype-jsr310\2.12.3\jackson-datatype-jsr310-2.12.3.jar;C:\Users\Илюха-чилюха\.m2\repository\com\fasterxml\jackson\module\jackson-module-parameter-names
Launcher Type: SUN_STANDARD

[Global flags]
     intx CICompilerCount                          = 3                                         {product} {ergonomic}
     uint ConcGCThreads                            = 1                                         {product} {ergonomic}
     uint G1ConcRefinementThreads                  = 4                                         {product} {ergonomic}
   size_t G1HeapRegionSize                         = 1048576                                   {product} {ergonomic}
    uintx GCDrainStackTargetSize                   = 64                                        {product} {ergonomic}
   size_t InitialHeapSize                          = 98566144                                  {product} {ergonomic}
   size_t MarkStackSize                            = 4194304                                   {product} {ergonomic}
   size_t MaxHeapSize                              = 1562378240                                {product} {ergonomic}
   size_t MinHeapDeltaBytes                        = 1048576                                   {product} {ergonomic}
   size_t MinHeapSize                              = 8388608                                   {product} {ergonomic}
    uintx NonNMethodCodeHeapSize                   = 5832780                                {pd product} {ergonomic}
    uintx NonProfiledCodeHeapSize                  = 122912730                              {pd product} {ergonomic}
    uintx ProfiledCodeHeapSize                     = 122912730                              {pd product} {ergonomic}
    uintx ReservedCodeCacheSize                    = 251658240                              {pd product} {ergonomic}
     bool SegmentedCodeCache                       = true                                      {product} {ergonomic}
   size_t SoftMaxHeapSize                          = 1562378240                             {manageable} {ergonomic}
     bool UseCompressedClassPointers               = true                           {product lp64_product} {ergonomic}
     bool UseCompressedOops                        = true                           {product lp64_product} {ergonomic}
     bool UseG1GC                                  = true                                      {product} {ergonomic}
     bool UseLargePagesIndividualAllocation        = false                                  {pd product} {ergonomic}

Logging:
Log output configuration:
 #0: stdout all=warning uptime,level,tags
 #1: stderr all=off uptime,level,tags

Environment Variables:
PATH=C:\Program Files (x86)\Common Files\Oracle\Java\javapath;C:\Windows\system32;C:\Windows;C:\Windows\System32\Wbem;C:\Windows\System32\WindowsPowerShell\v1.0\;C:\Windows\System32\OpenSSH\;C:\Program Files\dotnet\;C:\Program Files\Microsoft SQL Server\130\Tools\Binn\;C:\Program Files\MATLAB\R2015b\runtime\win64;C:\Program Files\MATLAB\R2015b\bin;C:\Program Files\MATLAB\R2015b\polyspace\bin;C:\Program Files\Git\cmd;C:\Users\Илюха-чилюха\AppData\Local\Microsoft\WindowsApps;;D:\Spring\IntelliJ IDEA Community Edition 2020.3.3\bin;
USERNAME=Илюха-чилюха
OS=Windows_NT
PROCESSOR_IDENTIFIER=Intel64 Family 6 Model 58 Stepping 9, GenuineIntel



---------------  S Y S T E M  ---------------

OS:
 Windows 10 , 64 bit Build 17763 (10.0.17763.1879)
OS uptime: 7 days 15:11 hours

CPU: total 4 (initial active 4) (2 cores per cpu, 2 threads per core) family 6 model 58 stepping 9 microcode 0x21, cx8, cmov, fxsr, ht, mmx, sse, sse2, sse3, ssse3, sse4.1, sse4.2, popcnt, tsc, tscinvbit, avx, erms, clmul, vzeroupper, clflush

Memory: 4k page, system-wide physical 5959M (1341M free)
TotalPageFile size 6759M (AvailPageFile size 83M)
current process WorkingSet (physical memory assigned to process): 10M, peak: 10M
current process commit charge ("private bytes"): 51M, peak: 145M

vm_info: OpenJDK 64-Bit Server VM (16+36-2231) for windows-amd64 JRE (16+36-2231), built on Feb  8 2021 11:39:36 by "mach5one" with MS VC++ 16.7 (VS2019)

END.
